<?xml version="1.0" encoding="UTF-8"?>
<!-- Generated by org.testng.reporters.JUnitReportReporter -->
<testsuite hostname="LAPTOP-9D44J6O8" failures="0" tests="5" name="Class_Assignment_Assertions_Login" time="25.493" errors="0" timestamp="2024-03-04T17:28:50 EST" skipped="0">
  <testcase classname="Class_Assignment_Assertions_Login" name="enterValidCredentials" time="5.271"/>
  <testcase classname="Class_Assignment_Assertions_Login" name="enterValidEmailInvalidPassword" time="4.878"/>
  <testcase classname="Class_Assignment_Assertions_Login" name="enterInvalidEmailValidPassword" time="5.241"/>
  <testcase classname="Class_Assignment_Assertions_Login" name="enterNoCredentials" time="4.990"/>
  <testcase classname="Class_Assignment_Assertions_Login" name="enterInvalidCredentials" time="5.113"/>
</testsuite> <!-- Class_Assignment_Assertions_Login -->
