<?xml version="1.0" encoding="UTF-8"?>
<!-- Generated by org.testng.reporters.JUnitReportReporter -->
<testsuite hostname="LAPTOP-9D44J6O8" failures="0" tests="5" name="Class_Assignment_Assertions_Register" time="27.134" errors="0" timestamp="2024-03-04T17:28:50 EST" skipped="0">
  <testcase classname="Class_Assignment_Assertions_Register" name="registerWithNoInputs" time="5.640"/>
  <testcase classname="Class_Assignment_Assertions_Register" name="registerWithMandatoryDetails" time="5.556"/>
  <testcase classname="Class_Assignment_Assertions_Register" name="registerWithAllDetails" time="5.068"/>
  <testcase classname="Class_Assignment_Assertions_Register" name="registerWithExistingEmail" time="5.625"/>
  <testcase classname="Class_Assignment_Assertions_Register" name="registerWithWrongConfirmPassword" time="5.245"/>
</testsuite> <!-- Class_Assignment_Assertions_Register -->
